56930174052:ENCOLADO ans_3fa75e4c-fee5-4f1c-863b-7f083defe551
EJECUTANDO:ans_3fa75e4c-fee5-4f1c-863b-7f083defe551
56930174052:SUCCESS
56930174052:ENCOLADO ans_d4f89a52-55a0-49cc-9237-0fd5cf14dfd7
EJECUTANDO:ans_d4f89a52-55a0-49cc-9237-0fd5cf14dfd7
56930174052:SUCCESS
56930174052:ENCOLADO ans_28a00ab7-fe8e-41ab-82b6-d8ac14ab3a26
EJECUTANDO:ans_28a00ab7-fe8e-41ab-82b6-d8ac14ab3a26
56930174052:SUCCESS
56930174052:ENCOLADO ans_cdeae416-68b8-4c63-b98c-cc9a3fd3e17e
EJECUTANDO:ans_cdeae416-68b8-4c63-b98c-cc9a3fd3e17e
56930174052:SUCCESS
56930174052:ENCOLADO ans_3fa75e4c-fee5-4f1c-863b-7f083defe551
EJECUTANDO:ans_3fa75e4c-fee5-4f1c-863b-7f083defe551
56930174052:SUCCESS
56930174052:ENCOLADO ans_d4f89a52-55a0-49cc-9237-0fd5cf14dfd7
EJECUTANDO:ans_d4f89a52-55a0-49cc-9237-0fd5cf14dfd7
56930174052:SUCCESS
56930174052:ENCOLADO ans_5d89d82a-aeff-4667-9b35-ace093feca84
EJECUTANDO:ans_5d89d82a-aeff-4667-9b35-ace093feca84
56930174052:SUCCESS
56930174052:ENCOLADO ans_9a703752-2cbe-4956-8664-c8f07caa6a66
EJECUTANDO:ans_9a703752-2cbe-4956-8664-c8f07caa6a66
56930174052:SUCCESS
56930174052:ENCOLADO ans_af3a045c-df77-4502-8023-4c68b635c260
EJECUTANDO:ans_af3a045c-df77-4502-8023-4c68b635c260
56930174052:SUCCESS
56930174052:ENCOLADO ans_a36b4c6f-dc97-4a03-ba40-c3d61db7b54b
EJECUTANDO:ans_a36b4c6f-dc97-4a03-ba40-c3d61db7b54b
56930174052:SUCCESS
56930174052:ENCOLADO ans_3fa75e4c-fee5-4f1c-863b-7f083defe551
EJECUTANDO:ans_3fa75e4c-fee5-4f1c-863b-7f083defe551
56930174052:SUCCESS
56930174052:ENCOLADO ans_d4f89a52-55a0-49cc-9237-0fd5cf14dfd7
EJECUTANDO:ans_d4f89a52-55a0-49cc-9237-0fd5cf14dfd7
56930174052:SUCCESS
56930174052:ENCOLADO ans_28a00ab7-fe8e-41ab-82b6-d8ac14ab3a26
EJECUTANDO:ans_28a00ab7-fe8e-41ab-82b6-d8ac14ab3a26
56930174052:SUCCESS
56930174052:ENCOLADO ans_cdeae416-68b8-4c63-b98c-cc9a3fd3e17e
EJECUTANDO:ans_cdeae416-68b8-4c63-b98c-cc9a3fd3e17e
56930174052:SUCCESS
